<?xml version="1.0" encoding="UTF-8"?>
<!-- Generated by org.testng.reporters.JUnitXMLReporter -->
<testsuite ignored="0" hostname="LAPTOP-B5LLFCD0" failures="0" tests="5" name="Test" time="45.624" errors="0" timestamp="2022-02-13T21:12:46 IST">
  <testcase classname="Basic_TestNG.parallel_Execution_Part1" name="TC1" time="5.958"/>
  <testcase classname="Basic_TestNG.parallel_Execution_Part1" name="TC1" time="5.974"/>
  <testcase classname="Basic_TestNG.parallel_Execution_Part1" name="TC1" time="6.105"/>
  <testcase classname="Basic_TestNG.parallel_Execution_Part1" name="TC2" time="30.68"/>
  <testcase classname="Basic_TestNG.parallel_Execution_Part1" name="TC3" time="8.734"/>
</testsuite> <!-- Test -->
