<?xml version="1.0" encoding="UTF-8"?>
<!-- Generated by org.testng.reporters.JUnitXMLReporter -->
<testsuite ignored="0" hostname="LAPTOP-B5LLFCD0" failures="0" tests="3" name="Default test" time="11.229" errors="0" timestamp="2022-03-09T11:32:56 IST">
  <testcase classname="Basic_TestNG.dependsOnMethod" name="LoadingPage" time="0.021"/>
  <testcase classname="Basic_TestNG.dependsOnMethod" name="Calculator" time="4.036"/>
  <testcase classname="Basic_TestNG.dependsOnMethod" name="NewCar" time="0.142"/>
</testsuite> <!-- Default test -->
